Build started 12/1/2021 10:03:35 PM.
     1>Project "c:\Users\walied\documents\visual studio 2012\Projects\NativeAttacher\NativeAttacher\NativeAttacher.vcxproj" on node 2 (Build target(s)).
     1>ClCompile:
         C:\Program Files (x86)\Microsoft Visual Studio 11.0\VC\bin\x86_amd64\CL.exe /c /Zi /nologo /W3 /WX- /O2 /Oi /GL /D WIN32 /D NDEBUG /D _CONSOLE /D _UNICODE /D UNICODE /Gm- /EHsc /MD /GS /Gy /fp:precise /Zc:wchar_t /Zc:forScope /Yu"stdafx.h" /Fp"x64\Release\NativeAttacher.pch" /Fo"x64\Release\\" /Fd"x64\Release\vc110.pdb" /Gd /TP /errorReport:prompt NativeAttacher.cpp
         NativeAttacher.cpp
     1>c:\users\walied\documents\visual studio 2012\projects\nativeattacher\nativeattacher\Header.h(109): warning C4005: 'DBG_CONTINUE' : macro redefinition
                 C:\Program Files (x86)\Windows Kits\8.0\Include\um\winnt.h(2084) : see previous definition of 'DBG_CONTINUE'
     1>c:\users\walied\documents\visual studio 2012\projects\nativeattacher\nativeattacher\Header.h(110): warning C4005: 'DBG_EXCEPTION_NOT_HANDLED' : macro redefinition
                 C:\Program Files (x86)\Windows Kits\8.0\Include\um\winnt.h(2100) : see previous definition of 'DBG_EXCEPTION_NOT_HANDLED'
     1>NativeAttacher.cpp(22): warning C4996: 'wcscat': This function or variable may be unsafe. Consider using wcscat_s instead. To disable deprecation, use _CRT_SECURE_NO_WARNINGS. See online help for details.
                 C:\Program Files (x86)\Microsoft Visual Studio 11.0\VC\include\wchar.h(1018) : see declaration of 'wcscat'
     1>NativeAttacher.cpp(42): warning C4996: 'wcscat': This function or variable may be unsafe. Consider using wcscat_s instead. To disable deprecation, use _CRT_SECURE_NO_WARNINGS. See online help for details.
                 C:\Program Files (x86)\Microsoft Visual Studio 11.0\VC\include\wchar.h(1018) : see declaration of 'wcscat'
       Link:
         C:\Program Files (x86)\Microsoft Visual Studio 11.0\VC\bin\x86_amd64\link.exe /ERRORREPORT:PROMPT /OUT:"c:\users\walied\documents\visual studio 2012\Projects\NativeAttacher\x64\Release\NativeAttacher.exe" /INCREMENTAL:NO /NOLOGO ntdll.lib kernel32.lib user32.lib gdi32.lib winspool.lib comdlg32.lib advapi32.lib shell32.lib ole32.lib oleaut32.lib uuid.lib odbc32.lib odbccp32.lib /MANIFEST /MANIFESTUAC:"level='asInvoker' uiAccess='false'" /manifest:embed /DEBUG /PDB:"c:\users\walied\documents\visual studio 2012\Projects\NativeAttacher\x64\Release\NativeAttacher.pdb" /SUBSYSTEM:CONSOLE /OPT:REF /OPT:ICF /LTCG /TLBID:1 /DYNAMICBASE /NXCOMPAT /IMPLIB:"c:\users\walied\documents\visual studio 2012\Projects\NativeAttacher\x64\Release\NativeAttacher.lib" /MACHINE:X64 x64\Release\HexDump.obj
         x64\Release\NativeAttacher.obj
         x64\Release\stdafx.obj
         Generating code
         Finished generating code
         NativeAttacher.vcxproj -> c:\users\walied\documents\visual studio 2012\Projects\NativeAttacher\x64\Release\NativeAttacher.exe
     1>Done Building Project "c:\Users\walied\documents\visual studio 2012\Projects\NativeAttacher\NativeAttacher\NativeAttacher.vcxproj" (Build target(s)).

Build succeeded.

Time Elapsed 00:00:01.20
